[INFO] Scanning for projects...
[INFO] 
[INFO] -----------------------< com.studygroup:backend >-----------------------
[INFO] Building backend 0.0.1-SNAPSHOT
[INFO]   from pom.xml
[INFO] --------------------------------[ jar ]---------------------------------
[INFO] 
[INFO] >>> spring-boot:3.2.5:run (default-cli) > test-compile @ backend >>>
[INFO] 
[INFO] --- resources:3.3.1:resources (default-resources) @ backend ---
[INFO] Copying 1 resource from src\main\resources to target\classes
[INFO] Copying 0 resource from src\main\resources to target\classes
[INFO] 
[INFO] --- compiler:3.11.0:compile (default-compile) @ backend ---
[INFO] Nothing to compile - all classes are up to date
[INFO] 
[INFO] --- resources:3.3.1:testResources (default-testResources) @ backend ---
[INFO] skip non existing resourceDirectory C:\infosys New\Study-Group-Finder-Collaborative-Platform\src\test\resources
[INFO] 
[INFO] --- compiler:3.11.0:testCompile (default-testCompile) @ backend ---
[INFO] Nothing to compile - all classes are up to date
[INFO] 
[INFO] <<< spring-boot:3.2.5:run (default-cli) < test-compile @ backend <<<
[INFO] 
[INFO] 
[INFO] --- spring-boot:3.2.5:run (default-cli) @ backend ---
[INFO] Attaching agents: []

  .   ____          _            __ _ _
 /\\ / ___'_ __ _ _(_)_ __  __ _ \ \ \ \
( ( )\___ | '_ | '_| | '_ \/ _` | \ \ \ \
 \\/  ___)| |_)| | | | | || (_| |  ) ) ) )
  '  |____| .__|_| |_|_| |_\__, | / / / /
 =========|_|==============|___/=/_/_/_/
 :: Spring Boot ::                (v3.2.5)

2026-03-09T23:18:09.587+05:30  INFO 28032 --- [backend] [           main] c.studygroup.backend.BackendApplication  : Starting BackendApplication using Java 25.0.1 with PID 28032 (C:\infosys New\Study-Group-Finder-Collaborative-Platform\target\classes started by shars in C:\infosys New\Study-Group-Finder-Collaborative-Platform)
2026-03-09T23:18:09.588+05:30  INFO 28032 --- [backend] [           main] c.studygroup.backend.BackendApplication  : No active profile set, falling back to 1 default profile: "default"
2026-03-09T23:18:10.518+05:30  INFO 28032 --- [backend] [           main] .s.d.r.c.RepositoryConfigurationDelegate : Bootstrapping Spring Data JPA repositories in DEFAULT mode.
2026-03-09T23:18:10.660+05:30  INFO 28032 --- [backend] [           main] .s.d.r.c.RepositoryConfigurationDelegate : Finished Spring Data repository scanning in 133 ms. Found 6 JPA repository interfaces.
WARNING: A restricted method in java.lang.System has been called
WARNING: java.lang.System::load has been called by org.apache.tomcat.jni.Library in an unnamed module (file:/C:/Users/shars/.m2/repository/org/apache/tomcat/embed/tomcat-embed-core/10.1.20/tomcat-embed-core-10.1.20.jar)
WARNING: Use --enable-native-access=ALL-UNNAMED to avoid a warning for callers in this module
WARNING: Restricted methods will be blocked in a future release unless native access is enabled

2026-03-09T23:18:11.301+05:30  INFO 28032 --- [backend] [           main] o.s.b.w.embedded.tomcat.TomcatWebServer  : Tomcat initialized with port 8080 (http)
2026-03-09T23:18:11.318+05:30  INFO 28032 --- [backend] [           main] o.apache.catalina.core.StandardService   : Starting service [Tomcat]
2026-03-09T23:18:11.319+05:30  INFO 28032 --- [backend] [           main] o.apache.catalina.core.StandardEngine    : Starting Servlet engine: [Apache Tomcat/10.1.20]
2026-03-09T23:18:11.384+05:30  INFO 28032 --- [backend] [           main] o.a.c.c.C.[Tomcat].[localhost].[/]       : Initializing Spring embedded WebApplicationContext
2026-03-09T23:18:11.385+05:30  INFO 28032 --- [backend] [           main] w.s.c.ServletWebServerApplicationContext : Root WebApplicationContext: initialization completed in 1743 ms
2026-03-09T23:18:11.549+05:30  INFO 28032 --- [backend] [           main] o.hibernate.jpa.internal.util.LogHelper  : HHH000204: Processing PersistenceUnitInfo [name: default]
2026-03-09T23:18:11.628+05:30  INFO 28032 --- [backend] [           main] org.hibernate.Version                    : HHH000412: Hibernate ORM core version 6.4.4.Final
2026-03-09T23:18:11.670+05:30  INFO 28032 --- [backend] [           main] o.h.c.internal.RegionFactoryInitiator    : HHH000026: Second-level cache disabled
2026-03-09T23:18:11.901+05:30  INFO 28032 --- [backend] [           main] o.s.o.j.p.SpringPersistenceUnitInfo      : No LoadTimeWeaver setup: ignoring JPA class transformer
2026-03-09T23:18:11.932+05:30  INFO 28032 --- [backend] [           main] com.zaxxer.hikari.HikariDataSource       : HikariPool-1 - Starting...
2026-03-09T23:18:12.180+05:30  INFO 28032 --- [backend] [           main] com.zaxxer.hikari.pool.HikariPool        : HikariPool-1 - Added connection com.mysql.cj.jdbc.ConnectionImpl@36551e97
2026-03-09T23:18:12.182+05:30  INFO 28032 --- [backend] [           main] com.zaxxer.hikari.HikariDataSource       : HikariPool-1 - Start completed.
2026-03-09T23:18:12.257+05:30  WARN 28032 --- [backend] [           main] org.hibernate.orm.deprecation            : HHH90000025: MySQLDialect does not need to be specified explicitly using 'hibernate.dialect' (remove the property setting and it will be selected by default)
2026-03-09T23:18:13.680+05:30  INFO 28032 --- [backend] [           main] o.h.e.t.j.p.i.JtaPlatformInitiator       : HHH000489: No JTA platform available (set 'hibernate.transaction.jta.platform' to enable JTA platform integration)
2026-03-09T23:18:13.881+05:30  INFO 28032 --- [backend] [           main] j.LocalContainerEntityManagerFactoryBean : Initialized JPA EntityManagerFactory for persistence unit 'default'
2026-03-09T23:18:14.443+05:30  INFO 28032 --- [backend] [           main] o.s.d.j.r.query.QueryEnhancerFactory     : Hibernate is in classpath; If applicable, HQL parser will be used.
2026-03-09T23:18:15.088+05:30  WARN 28032 --- [backend] [           main] JpaBaseConfiguration$JpaWebConfiguration : spring.jpa.open-in-view is enabled by default. Therefore, database queries may be performed during view rendering. Explicitly configure spring.jpa.open-in-view to disable this warning
2026-03-09T23:18:15.466+05:30  INFO 28032 --- [backend] [           main] o.s.s.web.DefaultSecurityFilterChain     : Will secure any request with [org.springframework.security.web.session.DisableEncodeUrlFilter@3b63f49e, org.springframework.security.web.context.request.async.WebAsyncManagerIntegrationFilter@3b00c9f6, org.springframework.security.web.context.SecurityContextHolderFilter@5416bc77, org.springframework.security.web.header.HeaderWriterFilter@551566a, org.springframework.web.filter.CorsFilter@428b852b, org.springframework.security.web.authentication.logout.LogoutFilter@75e32c4c, com.studygroup.backend.security.JwtFilter@160cf225, org.springframework.security.web.savedrequest.RequestCacheAwareFilter@54d66499, org.springframework.security.web.servletapi.SecurityContextHolderAwareRequestFilter@502f9271, org.springframework.security.web.authentication.AnonymousAuthenticationFilter@3514d1a4, org.springframework.security.web.session.SessionManagementFilter@2078869b, org.springframework.security.web.access.ExceptionTranslationFilter@1c4053aa, org.springframework.security.web.access.intercept.AuthorizationFilter@6deda1cd]
2026-03-09T23:18:15.715+05:30  INFO 28032 --- [backend] [           main] o.s.b.w.embedded.tomcat.TomcatWebServer  : Tomcat started on port 8080 (http) with context path ''
2026-03-09T23:18:15.727+05:30  INFO 28032 --- [backend] [           main] c.studygroup.backend.BackendApplication  : Started BackendApplication in 6.529 seconds (process running for 6.93)
